::1 - - [01/May/2018:00:50:17 +0000] "GET /api/v1/5acd5dda2912af3cb129a5f3 HTTP/1.1" 500 182 "-" "PostmanRuntime/7.1.1"
::1 - - [01/May/2018:00:56:13 +0000] "GET /api/v1/ HTTP/1.1" 200 430 "-" "PostmanRuntime/7.1.1"
::1 - - [01/May/2018:00:57:24 +0000] "GET /api/v1/ HTTP/1.1" 200 430 "-" "PostmanRuntime/7.1.1"
::1 - - [01/May/2018:00:57:47 +0000] "GET /api/v1/ HTTP/1.1" 200 430 "-" "PostmanRuntime/7.1.1"
::1 - - [01/May/2018:00:57:49 +0000] "GET /api/v1/ HTTP/1.1" 200 430 "-" "PostmanRuntime/7.1.1"
::1 - - [01/May/2018:00:57:52 +0000] "GET /api/v1/ HTTP/1.1" 200 430 "-" "PostmanRuntime/7.1.1"
::1 - - [01/May/2018:01:13:57 +0000] "GET /api/v1/login HTTP/1.1" 200 7 "-" "PostmanRuntime/7.1.1"
::1 - - [01/May/2018:01:14:04 +0000] "GET /api/v1/register HTTP/1.1" 200 10 "-" "PostmanRuntime/7.1.1"
::1 - - [01/May/2018:01:14:06 +0000] "GET /api/v1/registe HTTP/1.1" 200 10 "-" "PostmanRuntime/7.1.1"
::1 - - [01/May/2018:01:14:19 +0000] "GET /api/v1/registe HTTP/1.1" 200 10 "-" "PostmanRuntime/7.1.1"
::1 - - [01/May/2018:01:14:23 +0000] "GET /api/v1/register HTTP/1.1" 200 10 "-" "PostmanRuntime/7.1.1"
::1 - - [01/May/2018:01:14:28 +0000] "GET /api/v1/login HTTP/1.1" 200 10 "-" "PostmanRuntime/7.1.1"
::1 - - [01/May/2018:01:23:50 +0000] "GET /api/v1/login HTTP/1.1" 200 7 "-" "PostmanRuntime/7.1.1"
::1 - - [01/May/2018:01:23:56 +0000] "GET /api/v1/register HTTP/1.1" 200 10 "-" "PostmanRuntime/7.1.1"
::1 - - [01/May/2018:01:24:00 +0000] "GET /api/v1/register2 HTTP/1.1" 500 241 "-" "PostmanRuntime/7.1.1"
::1 - - [01/May/2018:01:32:30 +0000] "GET /api/v1/register2 HTTP/1.1" 500 241 "-" "PostmanRuntime/7.1.1"
::1 - - [01/May/2018:01:36:30 +0000] "GET /api/v1/register2 HTTP/1.1" 500 176 "-" "PostmanRuntime/7.1.1"
::1 - - [03/May/2018:01:48:31 +0000] "POST /api/v1/user-type HTTP/1.1" 500 221 "-" "PostmanRuntime/7.1.1"
::1 - - [03/May/2018:01:49:50 +0000] "POST /api/v1/user-type HTTP/1.1" - - "-" "PostmanRuntime/7.1.1"
::1 - - [03/May/2018:01:51:02 +0000] "POST /api/v1/user-type HTTP/1.1" - - "-" "PostmanRuntime/7.1.1"
::1 - - [03/May/2018:01:51:22 +0000] "POST /api/v1/user-type HTTP/1.1" - - "-" "PostmanRuntime/7.1.1"
::1 - - [03/May/2018:01:52:36 +0000] "POST /api/v1/user-type HTTP/1.1" - - "-" "PostmanRuntime/7.1.1"
::1 - - [03/May/2018:01:52:37 +0000] "GET /api/v1/user-type HTTP/1.1" 500 176 "-" "PostmanRuntime/7.1.1"
::1 - - [03/May/2018:01:55:16 +0000] "GET /api/v1/user-type HTTP/1.1" 200 168 "-" "PostmanRuntime/7.1.1"
::1 - - [03/May/2018:01:55:22 +0000] "POST /api/v1/user-type HTTP/1.1" 201 333 "-" "PostmanRuntime/7.1.1"
::1 - - [03/May/2018:01:55:28 +0000] "GET /api/v1/user-type HTTP/1.1" 200 286 "-" "PostmanRuntime/7.1.1"
::1 - - [03/May/2018:01:56:11 +0000] "POST /api/v1/user-type HTTP/1.1" 201 335 "-" "PostmanRuntime/7.1.1"
::1 - - [03/May/2018:01:58:13 +0000] "POST /api/v1/user-type HTTP/1.1" 201 294 "-" "PostmanRuntime/7.1.1"
::1 - - [03/May/2018:01:58:18 +0000] "GET /api/v1/user-type HTTP/1.1" 200 509 "-" "PostmanRuntime/7.1.1"
::1 - - [04/May/2018:00:57:52 +0000] "POST /api/v1/user-type HTTP/1.1" 201 323 "-" "PostmanRuntime/7.1.1"
::1 - - [04/May/2018:00:58:02 +0000] "GET /api/v1/user-type HTTP/1.1" 200 621 "-" "PostmanRuntime/7.1.1"
::1 - - [04/May/2018:00:59:57 +0000] "GET /api/v1/user-type HTTP/1.1" 200 621 "-" "PostmanRuntime/7.1.1"
::1 - - [04/May/2018:01:00:02 +0000] "POST /api/v1/user-type HTTP/1.1" 201 323 "-" "PostmanRuntime/7.1.1"
::1 - - [04/May/2018:01:00:16 +0000] "GET /api/v1/user-type HTTP/1.1" 200 733 "-" "PostmanRuntime/7.1.1"
::1 - - [04/May/2018:01:01:11 +0000] "POST /api/v1/user-type HTTP/1.1" 201 325 "-" "PostmanRuntime/7.1.1"
::1 - - [04/May/2018:01:01:16 +0000] "GET /api/v1/user-type HTTP/1.1" 200 847 "-" "PostmanRuntime/7.1.1"
::1 - - [04/May/2018:01:16:54 +0000] "POST /api/v1/user-type HTTP/1.1" 201 309 "-" "PostmanRuntime/7.1.1"
::1 - - [04/May/2018:01:16:59 +0000] "GET /api/v1/user-type HTTP/1.1" 200 884 "-" "PostmanRuntime/7.1.1"
::1 - - [04/May/2018:01:19:52 +0000] "DELETE /api/v1/user-type HTTP/1.1" 201 224 "-" "PostmanRuntime/7.1.1"
::1 - - [04/May/2018:01:19:58 +0000] "GET /api/v1/user-type HTTP/1.1" 200 782 "-" "PostmanRuntime/7.1.1"
::1 - - [04/May/2018:01:20:52 +0000] "DELETE /api/v1/user-type HTTP/1.1" 201 224 "-" "PostmanRuntime/7.1.1"
::1 - - [04/May/2018:01:21:03 +0000] "GET /api/v1/user-type HTTP/1.1" 200 782 "-" "PostmanRuntime/7.1.1"
::1 - - [04/May/2018:01:21:31 +0000] "DELETE /api/v1/user-type HTTP/1.1" 201 208 "-" "PostmanRuntime/7.1.1"
::1 - - [04/May/2018:01:21:35 +0000] "GET /api/v1/user-type HTTP/1.1" 200 374 "-" "PostmanRuntime/7.1.1"
::1 - - [04/May/2018:01:21:51 +0000] "DELETE /api/v1/user-type HTTP/1.1" 201 190 "-" "PostmanRuntime/7.1.1"
::1 - - [04/May/2018:01:21:54 +0000] "GET /api/v1/user-type HTTP/1.1" 200 168 "-" "PostmanRuntime/7.1.1"
::1 - - [04/May/2018:01:21:58 +0000] "GET /api/v1/user-type HTTP/1.1" 200 168 "-" "PostmanRuntime/7.1.1"
::1 - - [04/May/2018:01:23:13 +0000] "POST /api/v1/user-type HTTP/1.1" 201 313 "-" "PostmanRuntime/7.1.1"
::1 - - [04/May/2018:01:23:26 +0000] "POST /api/v1/user-type HTTP/1.1" 201 309 "-" "PostmanRuntime/7.1.1"
::1 - - [04/May/2018:01:23:37 +0000] "POST /api/v1/user-type HTTP/1.1" 201 311 "-" "PostmanRuntime/7.1.1"
::1 - - [04/May/2018:01:23:41 +0000] "GET /api/v1/user-type HTTP/1.1" 200 476 "-" "PostmanRuntime/7.1.1"
::1 - - [06/May/2018:10:32:22 +0000] "POST /api/v1/user-type HTTP/1.1" 500 316 "-" "PostmanRuntime/7.1.1"
::1 - - [06/May/2018:10:33:41 +0000] "POST /api/v1/user-type HTTP/1.1" 500 316 "-" "PostmanRuntime/7.1.1"
::1 - - [06/May/2018:10:34:06 +0000] "POST /api/v1/user-type HTTP/1.1" 500 316 "-" "PostmanRuntime/7.1.1"
::1 - - [06/May/2018:10:34:56 +0000] "POST /api/v1/user-type HTTP/1.1" 201 356 "-" "PostmanRuntime/7.1.1"
::1 - - [06/May/2018:10:39:01 +0000] "POST /api/v1/user-type HTTP/1.1" 201 360 "-" "PostmanRuntime/7.1.1"
::1 - - [06/May/2018:10:39:14 +0000] "GET /api/v1/user-type HTTP/1.1" 200 470 "-" "PostmanRuntime/7.1.1"
::1 - - [06/May/2018:10:39:24 +0000] "DELETE /api/v1/user-type HTTP/1.1" 201 232 "-" "PostmanRuntime/7.1.1"
::1 - - [06/May/2018:10:39:45 +0000] "GET /api/v1/user-type HTTP/1.1" 200 323 "-" "PostmanRuntime/7.1.1"
::1 - - [06/May/2018:10:40:22 +0000] "DELETE /api/v1/user-type HTTP/1.1" 201 195 "-" "PostmanRuntime/7.1.1"
::1 - - [06/May/2018:10:40:26 +0000] "GET /api/v1/user-type HTTP/1.1" 200 179 "-" "PostmanRuntime/7.1.1"
::1 - - [06/May/2018:10:41:11 +0000] "POST /api/v1/user-type HTTP/1.1" 201 360 "-" "PostmanRuntime/7.1.1"
::1 - - [06/May/2018:10:41:15 +0000] "GET /api/v1/user-type HTTP/1.1" 200 325 "-" "PostmanRuntime/7.1.1"
::1 - - [06/May/2018:10:41:24 +0000] "POST /api/v1/user-type HTTP/1.1" 201 360 "-" "PostmanRuntime/7.1.1"
::1 - - [06/May/2018:10:41:29 +0000] "GET /api/v1/user-type HTTP/1.1" 200 472 "-" "PostmanRuntime/7.1.1"
::1 - - [06/May/2018:10:44:05 +0000] "GET /api/v1/user-type HTTP/1.1" 500 182 "-" "PostmanRuntime/7.1.1"
::1 - - [06/May/2018:10:45:40 +0000] "GET /api/v1/user-type HTTP/1.1" 200 472 "-" "PostmanRuntime/7.1.1"
::1 - - [06/May/2018:10:46:06 +0000] "PUT /api/v1/user-type HTTP/1.1" 201 266 "-" "PostmanRuntime/7.1.1"
::1 - - [06/May/2018:10:46:11 +0000] "GET /api/v1/user-type HTTP/1.1" 200 472 "-" "PostmanRuntime/7.1.1"
::1 - - [06/May/2018:10:46:29 +0000] "PUT /api/v1/user-type HTTP/1.1" 201 266 "-" "PostmanRuntime/7.1.1"
::1 - - [06/May/2018:10:46:34 +0000] "GET /api/v1/user-type HTTP/1.1" 200 470 "-" "PostmanRuntime/7.1.1"
::1 - - [06/May/2018:10:55:55 +0000] "GET /api/v1/user-type/5aeedbc789f42308d6067e13 HTTP/1.1" 500 182 "-" "PostmanRuntime/7.1.1"
::1 - - [06/May/2018:10:56:02 +0000] "GET /api/v1/user-type/5aeedbc789f42308d6067e13 HTTP/1.1" 200 312 "-" "PostmanRuntime/7.1.1"
::1 - - [06/May/2018:11:04:58 +0000] "PUT /api/v1/user-type/5aeedbc789f42308d6067e1 HTTP/1.1" 500 207 "-" "PostmanRuntime/7.1.1"
::1 - - [06/May/2018:11:05:04 +0000] "PUT /api/v1/user-type/5aeedbc789f42308d6067e13 HTTP/1.1" 500 291 "-" "PostmanRuntime/7.1.1"
::1 - - [06/May/2018:11:05:31 +0000] "PUT /api/v1/user-type/5aeedbc789f42308d6067e13 HTTP/1.1" 201 350 "-" "PostmanRuntime/7.1.1"
::1 - - [06/May/2018:11:05:37 +0000] "GET /api/v1/user-type/5aeedbc789f42308d6067e13 HTTP/1.1" 200 311 "-" "PostmanRuntime/7.1.1"
::1 - - [06/May/2018:11:05:43 +0000] "GET /api/v1/user-type HTTP/1.1" 200 469 "-" "PostmanRuntime/7.1.1"
::1 - - [06/May/2018:11:07:41 +0000] "DELETE /api/v1/user-type/5aeedbc789f42308d6067e13 HTTP/1.1" 201 352 "-" "PostmanRuntime/7.1.1"
::1 - - [06/May/2018:11:07:50 +0000] "GET /api/v1/user-type/ HTTP/1.1" 200 469 "-" "PostmanRuntime/7.1.1"
::1 - - [06/May/2018:11:08:06 +0000] "DELETE /api/v1/user-type/5aeedbc789f42308d6067e13 HTTP/1.1" 201 352 "-" "PostmanRuntime/7.1.1"
::1 - - [06/May/2018:11:08:28 +0000] "DELETE /api/v1/user-type/5aeedbc789f42308d6067e13 HTTP/1.1" 201 352 "-" "PostmanRuntime/7.1.1"
::1 - - [06/May/2018:11:08:33 +0000] "GET /api/v1/user-type/5aeedbc789f42308d6067e13 HTTP/1.1" 200 163 "-" "PostmanRuntime/7.1.1"
::1 - - [06/May/2018:11:08:39 +0000] "GET /api/v1/user-type HTTP/1.1" 200 324 "-" "PostmanRuntime/7.1.1"
::1 - - [06/May/2018:12:01:49 +0000] "GET /api/v1/user-type HTTP/1.1" 200 324 "-" "PostmanRuntime/7.1.1"
::1 - - [06/May/2018:12:01:57 +0000] "GET /api/v1/user-type/5aeedbd489f42308d6067e14 HTTP/1.1" 200 323 "-" "PostmanRuntime/7.1.1"
::1 - - [06/May/2018:12:02:02 +0000] "GET /api/v1/user-type/5aeedbd489f42308d6067e1 HTTP/1.1" 500 180 "-" "PostmanRuntime/7.1.1"
::1 - - [06/May/2018:12:02:06 +0000] "GET /api/v1/user-type/5aeedbd489f42308d6067e14 HTTP/1.1" 200 323 "-" "PostmanRuntime/7.1.1"
::1 - - [06/May/2018:12:02:10 +0000] "DELETE /api/v1/user-type/5aeedbd489f42308d6067e14 HTTP/1.1" 201 353 "-" "PostmanRuntime/7.1.1"
::1 - - [06/May/2018:12:02:16 +0000] "GET /api/v1/user-type/5aeedbd489f42308d6067e14 HTTP/1.1" 200 174 "-" "PostmanRuntime/7.1.1"
::1 - - [06/May/2018:12:20:49 +0000] "GET /api/v1/user/register HTTP/1.1" 200 10 "-" "PostmanRuntime/7.1.1"
::1 - - [06/May/2018:12:20:58 +0000] "POST /api/v1/user/register HTTP/1.1" - - "-" "PostmanRuntime/7.1.1"
::1 - - [06/May/2018:12:20:59 +0000] "GET /api/v1/user/register HTTP/1.1" 200 10 "-" "PostmanRuntime/7.1.1"
::1 - - [06/May/2018:12:45:05 +0000] "POST /api/v1/user/register HTTP/1.1" - - "-" "PostmanRuntime/7.1.1"
::1 - - [06/May/2018:12:45:07 +0000] "POST /api/v1/user HTTP/1.1" 200 209 "-" "PostmanRuntime/7.1.1"
::1 - - [06/May/2018:12:46:10 +0000] "POST /api/v1/user HTTP/1.1" 500 229 "-" "PostmanRuntime/7.1.1"
::1 - - [06/May/2018:12:47:24 +0000] "POST /api/v1/user HTTP/1.1" 500 231 "-" "PostmanRuntime/7.1.1"
::1 - - [06/May/2018:12:51:35 +0000] "POST /api/v1/user HTTP/1.1" 201 474 "-" "PostmanRuntime/7.1.1"
::1 - - [06/May/2018:12:51:42 +0000] "POST /api/v1/user HTTP/1.1" 200 - "-" "PostmanRuntime/7.1.1"
::1 - - [06/May/2018:12:52:40 +0000] "GET /api/v1/user HTTP/1.1" 200 374 "-" "PostmanRuntime/7.1.1"
::1 - - [06/May/2018:12:53:59 +0000] "POST /api/v1/user HTTP/1.1" 500 213 "-" "PostmanRuntime/7.1.1"
::1 - - [06/May/2018:12:54:14 +0000] "POST /api/v1/user HTTP/1.1" 200 - "-" "PostmanRuntime/7.1.1"
::1 - - [06/May/2018:12:54:22 +0000] "POST /api/v1/user HTTP/1.1" 500 373 "-" "PostmanRuntime/7.1.1"
::1 - - [06/May/2018:12:54:28 +0000] "GET /api/v1/user HTTP/1.1" 200 374 "-" "PostmanRuntime/7.1.1"
::1 - - [06/May/2018:12:58:49 +0000] "GET /api/v1/user/5aeefa56f54fe612c9c04ecf HTTP/1.1" 200 373 "-" "PostmanRuntime/7.1.1"
::1 - - [06/May/2018:12:59:09 +0000] "PUT /api/v1/user/5aeefa56f54fe612c9c04ecf HTTP/1.1" 201 405 "-" "PostmanRuntime/7.1.1"
::1 - - [06/May/2018:12:59:16 +0000] "GET /api/v1/user/5aeefa56f54fe612c9c04ecf HTTP/1.1" 200 372 "-" "PostmanRuntime/7.1.1"
::1 - - [06/May/2018:13:10:30 +0000] "POST /api/v1/user HTTP/1.1" 500 343 "-" "PostmanRuntime/7.1.1"
::1 - - [06/May/2018:13:10:56 +0000] "POST /api/v1/user HTTP/1.1" 200 - "-" "PostmanRuntime/7.1.1"
::1 - - [06/May/2018:13:12:00 +0000] "POST /api/v1/user HTTP/1.1" 201 431 "-" "PostmanRuntime/7.1.1"
::1 - - [06/May/2018:13:12:19 +0000] "POST /api/v1/user HTTP/1.1" 201 431 "-" "PostmanRuntime/7.1.1"
::1 - - [06/May/2018:13:13:28 +0000] "POST /api/v1/user HTTP/1.1" 201 431 "-" "PostmanRuntime/7.1.1"
::1 - - [06/May/2018:13:16:00 +0000] "POST /api/v1/user HTTP/1.1" 500 249 "-" "PostmanRuntime/7.1.1"
::1 - - [06/May/2018:13:16:21 +0000] "POST /api/v1/user HTTP/1.1" 201 430 "-" "PostmanRuntime/7.1.1"
::1 - - [06/May/2018:13:35:09 +0000] "POST /api/v1/user HTTP/1.1" 201 430 "-" "PostmanRuntime/7.1.1"
::1 - - [06/May/2018:13:37:47 +0000] "POST /api/v1/user HTTP/1.1" 201 293 "-" "PostmanRuntime/7.1.1"
::1 - - [06/May/2018:13:41:39 +0000] "POST /api/v1/user HTTP/1.1" 500 236 "-" "PostmanRuntime/7.1.1"
::1 - - [06/May/2018:13:42:02 +0000] "POST /api/v1/user HTTP/1.1" 201 211 "-" "PostmanRuntime/7.1.1"
::1 - - [06/May/2018:13:49:25 +0000] "POST /api/v1/user HTTP/1.1" 201 276 "-" "PostmanRuntime/7.1.1"
::1 - - [06/May/2018:13:49:40 +0000] "POST /api/v1/user HTTP/1.1" 201 273 "-" "PostmanRuntime/7.1.1"
::1 - - [06/May/2018:14:02:51 +0000] "GET /api/v1/user HTTP/1.1" 200 1008 "-" "PostmanRuntime/7.1.1"
::1 - - [06/May/2018:14:03:10 +0000] "GET /api/v1/user HTTP/1.1" 200 1008 "-" "PostmanRuntime/7.1.1"
::1 - - [06/May/2018:14:07:56 +0000] "POST /api/v1/user/verify-otp HTTP/1.1" - - "-" "PostmanRuntime/7.1.1"
::1 - - [06/May/2018:14:14:19 +0000] "POST /api/v1/user/verify-otp HTTP/1.1" - - "-" "PostmanRuntime/7.1.1"
::1 - - [07/May/2018:02:05:35 +0000] "POST /api/v1/user/verify-otp HTTP/1.1" - - "-" "PostmanRuntime/7.1.1"
::1 - - [07/May/2018:02:15:52 +0000] "POST /api/v1/user/verify-otp HTTP/1.1" - - "-" "PostmanRuntime/7.1.1"
::1 - - [07/May/2018:02:23:09 +0000] "POST /api/v1/user/verify-otp HTTP/1.1" 200 829 "-" "PostmanRuntime/7.1.1"
::1 - - [07/May/2018:02:23:48 +0000] "POST /api/v1/user/verify-otp HTTP/1.1" 200 829 "-" "PostmanRuntime/7.1.1"
::1 - - [07/May/2018:02:24:07 +0000] "POST /api/v1/user/verify-otp HTTP/1.1" 200 831 "-" "PostmanRuntime/7.1.1"
::1 - - [07/May/2018:02:24:22 +0000] "POST /api/v1/user/verify-otp HTTP/1.1" 200 831 "-" "PostmanRuntime/7.1.1"
::1 - - [07/May/2018:02:24:45 +0000] "POST /api/v1/user/verify-otp HTTP/1.1" 200 2 "-" "PostmanRuntime/7.1.1"
